aaa2019-10-30 17:40:05.370146 - Spuštěn Instagram cron ke stažení JSON z Instagramu
2019-10-30 17:40:16.720778 - Spuštěn Instagram cron ke stažení JSON z Instagramu
2019-10-30 17:40:17.726744 - Spuštěn Instagram cron ke stažení JSON z Instagramu
2019-10-30 17:40:18.397423 - Spuštěn Instagram cron ke stažení JSON z Instagramu
2019-10-30 17:40:18.738868 - Spuštěn Instagram cron ke stažení JSON z Instagramu
2019-10-30 17:40:18.930130 - Spuštěn Instagram cron ke stažení JSON z Instagramu
2019-10-30 17:40:19.064619 - Spuštěn Instagram cron ke stažení JSON z Instagramu
2019-10-30 17:40:19.256026 - Spuštěn Instagram cron ke stažení JSON z Instagramu
2019-10-30 17:40:19.408459 - Spuštěn Instagram cron ke stažení JSON z Instagramu
2019-10-30 17:40:23.576260 - Spuštěn Instagram cron ke stažení JSON z Instagramu
2019-10-30 17:40:42.070295 - Spuštěn Instagram cron ke stažení JSON z Instagramu
2019-10-30 17:40:43.267262 - Spuštěn Instagram cron ke stažení JSON z Instagramu
2019-10-30 17:40:56.337344 - Spuštěn Instagram cron ke stažení JSON z Instagramu
2019-10-30 17:40:57.221676 - Spuštěn Instagram cron ke stažení JSON z Instagramu
2019-10-30 17:41:13.981450 - Spuštěn Instagram cron ke stažení JSON z Instagramu
2019-10-30 17:41:13.981954 - Instagram JSON vrátil chybu s chybovou hláškou
2019-10-30 17:41:13.982059 - Nebyl zapsán Instagram JSON do txt z důvodu chyby
2019-10-30 17:41:13.982131 - Ukončen Instagram cron
2019-10-30 17:41:13.982213 - Spuštěn Instagram cron ke stažení JSON z Instagramu
2019-10-30 17:41:28.972126 - Spuštěn Instagram cron ke stažení JSON z Instagramu
2019-10-30 17:41:29.883388 - Instagram JSON vrátil status 200, což je OK :-)
2019-10-30 17:41:29.884414 - Byl zapsán Instagram JSON do txt
2019-10-30 17:41:29.884520 - Ukončen Instagram cron
2019-10-30 17:41:29.884634 - Spuštěn Instagram cron ke stažení JSON z Instagramu
